<?xml version="1.0" encoding="UTF-8"?>
<!-- Generated by org.testng.reporters.JUnitReportReporter -->
<testsuite skipped="0" hostname="Sahebstua" name="rsaha.learn.SelTestin.SamTest" tests="1" failures="0" timestamp="16 Jun 2020 17:00:10 GMT" time="31.886" errors="0">
  <testcase name="TestMthd" time="31.886" classname="rsaha.learn.SelTestin.SamTest"/>
</testsuite> <!-- rsaha.learn.SelTestin.SamTest -->
